{
  "RSpec": {
    "coverage": {
      "/Users/kaileykaes/turing_work/3mod/projects/viewing_party_lite_7/config/environment.rb": {
        "lines": [
          null,
          null,
          null,
          1,
          null,
          null,
          1
        ]
      },
      "/Users/kaileykaes/turing_work/3mod/projects/viewing_party_lite_7/config/application.rb": {
        "lines": [
          null,
          null,
          1,
          null,
          1,
          null,
          1,
          1,
          1,
          1,
          1,
          1,
          1,
          1,
          1,
          1,
          null,
          null,
          null,
          null,
          1,
          null,
          1,
          1,
          null,
          1,
          null,
          null,
          null,
          null,
          null,
          null,
          null,
          null,
          null,
          null,
          1,
          null,
          null
        ]
      },
      "/Users/kaileykaes/turing_work/3mod/projects/viewing_party_lite_7/config/boot.rb": {
        "lines": [
          null,
          null,
          1,
          null,
          1,
          1
        ]
      },
      "/Users/kaileykaes/turing_work/3mod/projects/viewing_party_lite_7/config/environments/test.rb": {
        "lines": [
          null,
          null,
          1,
          null,
          null,
          null,
          null,
          null,
          null,
          1,
          null,
          null,
          null,
          1,
          null,
          null,
          null,
          null,
          1,
          null,
          null,
          1,
          1,
          null,
          null,
          null,
          null,
          1,
          1,
          1,
          null,
          null,
          1,
          null,
          null,
          1,
          null,
          null,
          1,
          null,
          1,
          null,
          null,
          null,
          null,
          1,
          null,
          null,
          1,
          null,
          null,
          1,
          null,
          null,
          1,
          null,
          null,
          null,
          null,
          null,
          null,
          null
        ]
      },
      "/Users/kaileykaes/turing_work/3mod/projects/viewing_party_lite_7/config/initializers/assets.rb": {
        "lines": [
          null,
          null,
          null,
          null,
          null,
          1,
          null,
          null,
          null,
          null,
          null,
          null,
          null,
          null
        ]
      },
      "/Users/kaileykaes/turing_work/3mod/projects/viewing_party_lite_7/config/initializers/content_security_policy.rb": {
        "lines": [
          null,
          null,
          null,
          null,
          null,
          null,
          null,
          null,
          null,
          null,
          null,
          null,
          null,
          null,
          null,
          null,
          null,
          null,
          null,
          null,
          null,
          null,
          null,
          null,
          null,
          null
        ]
      },
      "/Users/kaileykaes/turing_work/3mod/projects/viewing_party_lite_7/config/initializers/filter_parameter_logging.rb": {
        "lines": [
          null,
          null,
          null,
          null,
          null,
          null,
          null,
          1,
          null,
          null
        ]
      },
      "/Users/kaileykaes/turing_work/3mod/projects/viewing_party_lite_7/config/initializers/inflections.rb": {
        "lines": [
          null,
          null,
          null,
          null,
          null,
          null,
          null,
          null,
          null,
          null,
          null,
          null,
          null,
          null,
          null,
          null,
          null
        ]
      },
      "/Users/kaileykaes/turing_work/3mod/projects/viewing_party_lite_7/config/initializers/permissions_policy.rb": {
        "lines": [
          null,
          null,
          null,
          null,
          null,
          null,
          null,
          null,
          null,
          null,
          null,
          null
        ]
      },
      "/Users/kaileykaes/turing_work/3mod/projects/viewing_party_lite_7/spec/factories.rb": {
        "lines": [
          null,
          null,
          1,
          1,
          11,
          11,
          11,
          null,
          null,
          1,
          1,
          1,
          1,
          1,
          1,
          null,
          null,
          1,
          1,
          null,
          null
        ]
      },
      "/Users/kaileykaes/turing_work/3mod/projects/viewing_party_lite_7/config/routes.rb": {
        "lines": [
          null,
          null,
          1,
          null,
          null,
          null,
          null,
          null,
          1,
          null,
          1,
          1,
          null,
          1,
          1,
          1,
          1,
          null,
          null,
          1,
          null
        ]
      },
      "/Users/kaileykaes/turing_work/3mod/projects/viewing_party_lite_7/app/helpers/application_helper.rb": {
        "lines": [
          null,
          null,
          1,
          null
        ]
      },
      "/Users/kaileykaes/turing_work/3mod/projects/viewing_party_lite_7/app/models/user.rb": {
        "lines": [
          null,
          null,
          1,
          1,
          1,
          1,
          null
        ]
      },
      "/Users/kaileykaes/turing_work/3mod/projects/viewing_party_lite_7/app/models/application_record.rb": {
        "lines": [
          null,
          null,
          1,
          1,
          null
        ]
      },
      "/Users/kaileykaes/turing_work/3mod/projects/viewing_party_lite_7/app/facades/movie_facade.rb": {
        "lines": [
          1,
          1,
          null,
          1,
          20,
          null,
          null,
          1,
          20,
          20,
          20,
          null,
          null,
          1,
          0,
          0,
          null,
          null,
          1,
          0,
          0,
          null,
          null,
          1,
          10,
          10,
          100,
          null,
          null,
          null,
          1,
          10,
          10,
          50,
          null,
          null,
          null,
          1,
          40,
          null,
          null,
          1,
          0,
          0,
          null,
          null,
          null,
          null,
          null,
          1,
          20,
          40,
          null,
          null,
          null,
          1,
          null,
          20,
          null,
          null,
          null,
          null,
          null,
          null,
          null,
          null
        ]
      },
      "/Users/kaileykaes/turing_work/3mod/projects/viewing_party_lite_7/app/services/movie_service.rb": {
        "lines": [
          1,
          null,
          1,
          0,
          null,
          null,
          1,
          0,
          null,
          null,
          1,
          20,
          null,
          null,
          1,
          10,
          null,
          null,
          1,
          10,
          null,
          null,
          1,
          40,
          40,
          null,
          null,
          null,
          1,
          40,
          40,
          null,
          null
        ]
      },
      "/Users/kaileykaes/turing_work/3mod/projects/viewing_party_lite_7/app/poros/movie.rb": {
        "lines": [
          1,
          1,
          null,
          null,
          null,
          null,
          null,
          null,
          1,
          20,
          20,
          20,
          20,
          20,
          20,
          null,
          null
        ]
      },
      "/Users/kaileykaes/turing_work/3mod/projects/viewing_party_lite_7/app/controllers/movies_controller.rb": {
        "lines": [
          1,
          1,
          null,
          1,
          null,
          null,
          0,
          0,
          null,
          0,
          null,
          null,
          null,
          1,
          10,
          10,
          10,
          null,
          null,
          1,
          null,
          1,
          10,
          null,
          null,
          1,
          10,
          null,
          null
        ]
      },
      "/Users/kaileykaes/turing_work/3mod/projects/viewing_party_lite_7/app/controllers/application_controller.rb": {
        "lines": [
          null,
          null,
          1,
          null
        ]
      },
      "/Users/kaileykaes/turing_work/3mod/projects/viewing_party_lite_7/app/poros/review.rb": {
        "lines": [
          1,
          1,
          null,
          null,
          null,
          1,
          50,
          50,
          50,
          null,
          null
        ]
      },
      "/Users/kaileykaes/turing_work/3mod/projects/viewing_party_lite_7/app/poros/cast_member.rb": {
        "lines": [
          1,
          1,
          null,
          1,
          100,
          null,
          null
        ]
      },
      "/Users/kaileykaes/turing_work/3mod/projects/viewing_party_lite_7/app/controllers/discover_controller.rb": {
        "lines": [
          null,
          null,
          1,
          1,
          1,
          null,
          null
        ]
      },
      "/Users/kaileykaes/turing_work/3mod/projects/viewing_party_lite_7/app/controllers/viewing_parties_controller.rb": {
        "lines": [
          1,
          1,
          null,
          null,
          null
        ]
      }
    },
    "timestamp": 1688841370
  }
}
